<?xml version="1.0" encoding="UTF-8"?>
<!-- Generated by org.testng.reporters.JUnitReportReporter -->
<testsuite skipped="0" hostname="Tushar_Goyal" name="PackageTest.TestingFile" tests="1" failures="0" timestamp="17 Jul 2018 12:00:22 GMT" time="50.474" errors="0">
  <testcase name="test1" time="50.474" classname="PackageTest.TestingFile"/>
</testsuite> <!-- PackageTest.TestingFile -->
