<?xml version="1.0" encoding="UTF-8"?>
<!-- Generated by org.testng.reporters.JUnitReportReporter -->
<testsuite skipped="0" hostname="Tushar_Goyal" name="Test_File$Help_Test" tests="1" failures="0" timestamp="16 Jul 2018 06:27:07 GMT" time="7.171" errors="0">
  <testcase name="Method_Test" time="7.171" classname="Test_File$Help_Test"/>
</testsuite> <!-- Test_File$Help_Test -->
